\BOOKMARK [0][-]{section*.2}{Manuel pour QGIS/GRASS}{}% 1
\BOOKMARK [1][-]{section*.3}{INTRODUCTION QGIS}{section*.2}% 2
\BOOKMARK [1][-]{section*.4}{LE PLUGIN GRASS DANS LE SIG QUANTUM}{section*.2}% 3
\BOOKMARK [1][-]{section*.5}{TRAITEMENT DE DONNEES AVEC LE PLUGIN GRASS}{section*.2}% 4
\BOOKMARK [0][-]{section*.6}{Manuel pour GPS dans QGIS}{}% 5
\BOOKMARK [1][-]{section*.7}{GEOPAPARAZZI}{section*.6}% 6
\BOOKMARK [1][-]{section*.8}{EXERCICE 1}{section*.6}% 7
\BOOKMARK [1][-]{section*.9}{EXERCICE 2}{section*.6}% 8
\BOOKMARK [1][-]{section*.10}{IMPORT DANS QGIS}{section*.6}% 9
\BOOKMARK [0][-]{section*.11}{Manipulations spatiales}{}% 10
\BOOKMARK [1][-]{section*.12}{EXERCICE 3}{section*.11}% 11
\BOOKMARK [2][-]{section*.13}{Calcul de pente et d'aspect}{section*.12}% 12
\BOOKMARK [2][-]{section*.14}{Programme d'analyse de basin versant}{section*.12}% 13
\BOOKMARK [2][-]{section*.15}{Identification de site de station de suivit de la Pollution d'un ruisseau}{section*.12}% 14
\BOOKMARK [1][-]{section*.16}{Analyse d'habitat}{section*.11}% 15
\BOOKMARK [2][-]{section*.17}{Introduction}{section*.16}% 16
\BOOKMARK [2][-]{section*.18}{EXERCICE 4: MISSION DE PRESERVATION D'UN HABITAT}{section*.16}% 17
\BOOKMARK [2][-]{section*.19}{SYSTEME DE POINTS POUR L'HABITAT \(venant du service de la faune sauvage\) }{section*.16}% 18
\BOOKMARK [2][-]{section*.20}{PREPARATION DES CARTES DE SCORE}{section*.16}% 19
\BOOKMARK [2][-]{section*.21}{HABITAT SCORING SCRIPT}{section*.16}% 20
\BOOKMARK [2][-]{section*.22}{FINALISATION DE LA CARTE DE SCORE}{section*.16}% 21
\BOOKMARK [2][-]{section*.23}{METTRE EN BLOC LES ZONES SOUHAITABLES}{section*.16}% 22
\BOOKMARK [2][-]{section*.24}{EXPORT DES RESULTATS SOUS FORMAT VECTORIEL}{section*.16}% 23
\BOOKMARK [2][-]{section*.25}{Exemple de script}{section*.16}% 24
\BOOKMARK [1][-]{section*.26}{T\351l\351d\351tection}{section*.11}% 25
\BOOKMARK [2][-]{section*.27}{Import}{section*.26}% 26
\BOOKMARK [2][-]{section*.28}{Classification}{section*.26}% 27
\BOOKMARK [2][-]{section*.29}{Map Algebra}{section*.26}% 28
