This is pdfTeX, Version 3.14159265-2.6-1.40.18 (TeX Live 2017/Debian) (preloaded format=pdflatex 2018.2.2)  7 FEB 2018 22:56
entering extended mode
 \write18 enabled.
 %&-line parsing enabled.
**FR_main_document.tex
(./FR_main_document.tex
LaTeX2e <2017-04-15>
Babel <3.16> and hyphenation patterns for 3 language(s) loaded.
(/usr/share/texlive/texmf-dist/tex/latex/base/report.cls
Document Class: report 2014/09/29 v1.4h Standard LaTeX document class
(/usr/share/texlive/texmf-dist/tex/latex/base/size10.clo
File: size10.clo 2014/09/29 v1.4h Standard LaTeX file (size option)
)
\c@part=\count79
\c@chapter=\count80
\c@section=\count81
\c@subsection=\count82
\c@subsubsection=\count83
\c@paragraph=\count84
\c@subparagraph=\count85
\c@figure=\count86
\c@table=\count87
\abovecaptionskip=\skip41
\belowcaptionskip=\skip42
\bibindent=\dimen102
)
(/usr/share/texlive/texmf-dist/tex/latex/amsfonts/amssymb.sty
Package: amssymb 2013/01/14 v3.01 AMS font symbols

(/usr/share/texlive/texmf-dist/tex/latex/amsfonts/amsfonts.sty
Package: amsfonts 2013/01/14 v3.01 Basic AMSFonts support
\@emptytoks=\toks14
\symAMSa=\mathgroup4
\symAMSb=\mathgroup5
LaTeX Font Info:    Overwriting math alphabet `\mathfrak' in version `bold'
(Font)                  U/euf/m/n --> U/euf/b/n on input line 106.
))
(/usr/share/texlive/texmf-dist/tex/latex/amsmath/amsmath.sty
Package: amsmath 2017/09/02 v2.17a AMS math features
\@mathmargin=\skip43

For additional information on amsmath, use the `?' option.
(/usr/share/texlive/texmf-dist/tex/latex/amsmath/amstext.sty
Package: amstext 2000/06/29 v2.01 AMS text

(/usr/share/texlive/texmf-dist/tex/latex/amsmath/amsgen.sty
File: amsgen.sty 1999/11/30 v2.0 generic functions
\@emptytoks=\toks15
\ex@=\dimen103
))
(/usr/share/texlive/texmf-dist/tex/latex/amsmath/amsbsy.sty
Package: amsbsy 1999/11/29 v1.2d Bold Symbols
\pmbraise@=\dimen104
)
(/usr/share/texlive/texmf-dist/tex/latex/amsmath/amsopn.sty
Package: amsopn 2016/03/08 v2.02 operator names
)
\inf@bad=\count88
LaTeX Info: Redefining \frac on input line 213.
\uproot@=\count89
\leftroot@=\count90
LaTeX Info: Redefining \overline on input line 375.
\classnum@=\count91
\DOTSCASE@=\count92
LaTeX Info: Redefining \ldots on input line 472.
LaTeX Info: Redefining \dots on input line 475.
LaTeX Info: Redefining \cdots on input line 596.
\Mathstrutbox@=\box26
\strutbox@=\box27
\big@size=\dimen105
LaTeX Font Info:    Redeclaring font encoding OML on input line 712.
LaTeX Font Info:    Redeclaring font encoding OMS on input line 713.
\macc@depth=\count93
\c@MaxMatrixCols=\count94
\dotsspace@=\muskip10
\c@parentequation=\count95
\dspbrk@lvl=\count96
\tag@help=\toks16
\row@=\count97
\column@=\count98
\maxfields@=\count99
\andhelp@=\toks17
\eqnshift@=\dimen106
\alignsep@=\dimen107
\tagshift@=\dimen108
\tagwidth@=\dimen109
\totwidth@=\dimen110
\lineht@=\dimen111
\@envbody=\toks18
\multlinegap=\skip44
\multlinetaggap=\skip45
\mathdisplay@stack=\toks19
LaTeX Info: Redefining \[ on input line 2817.
LaTeX Info: Redefining \] on input line 2818.
) (./GRASSnews.sty
Package: GRASSnews 2004/08/06 v0.2 GRASSnews package

Package: `GRASSnews v0.2    <2004/08/06>'
English documentation as of <2001/10/31>
(/usr/share/texlive/texmf-dist/tex/latex/base/ifthen.sty
Package: ifthen 2014/09/29 v1.1c Standard LaTeX ifthen package (DPC)
)
(/usr/share/texlive/texmf-dist/tex/latex/tools/multicol.sty
Package: multicol 2017/04/11 v1.8q multicolumn formatting (FMi)
\c@tracingmulticols=\count100
\mult@box=\box28
\multicol@leftmargin=\dimen112
\c@unbalance=\count101
\c@collectmore=\count102
\doublecol@number=\count103
\multicoltolerance=\count104
\multicolpretolerance=\count105
\full@width=\dimen113
\page@free=\dimen114
\premulticols=\dimen115
\postmulticols=\dimen116
\multicolsep=\skip46
\multicolbaselineskip=\skip47
\partial@page=\box29
\last@line=\box30
\maxbalancingoverflow=\dimen117
\mult@rightbox=\box31
\mult@grightbox=\box32
\mult@gfirstbox=\box33
\mult@firstbox=\box34
\@tempa=\box35
\@tempa=\box36
\@tempa=\box37
\@tempa=\box38
\@tempa=\box39
\@tempa=\box40
\@tempa=\box41
\@tempa=\box42
\@tempa=\box43
\@tempa=\box44
\@tempa=\box45
\@tempa=\box46
\@tempa=\box47
\@tempa=\box48
\@tempa=\box49
\@tempa=\box50
\@tempa=\box51
\c@columnbadness=\count106
\c@finalcolumnbadness=\count107
\last@try=\dimen118
\multicolovershoot=\dimen119
\multicolundershoot=\dimen120
\mult@nat@firstbox=\box52
\colbreak@box=\box53
\mc@col@check@num=\count108
)
(/usr/share/texlive/texmf-dist/tex/latex/graphics/graphicx.sty
Package: graphicx 2017/06/01 v1.1a Enhanced LaTeX Graphics (DPC,SPQR)

(/usr/share/texlive/texmf-dist/tex/latex/graphics/keyval.sty
Package: keyval 2014/10/28 v1.15 key=value parser (DPC)
\KV@toks@=\toks20
)
(/usr/share/texlive/texmf-dist/tex/latex/graphics/graphics.sty
Package: graphics 2017/06/25 v1.2c Standard LaTeX Graphics (DPC,SPQR)

(/usr/share/texlive/texmf-dist/tex/latex/graphics/trig.sty
Package: trig 2016/01/03 v1.10 sin cos tan (DPC)
)
(/usr/share/texlive/texmf-dist/tex/latex/graphics-cfg/graphics.cfg
File: graphics.cfg 2016/06/04 v1.11 sample graphics configuration
)
Package graphics Info: Driver file: pdftex.def on input line 99.

(/usr/share/texlive/texmf-dist/tex/latex/graphics-def/pdftex.def
File: pdftex.def 2018/01/08 v1.0l Graphics/color driver for pdftex
))
\Gin@req@height=\dimen121
\Gin@req@width=\dimen122
)
(/usr/share/texlive/texmf-dist/tex/latex/graphics/color.sty
Package: color 2016/07/10 v1.1e Standard LaTeX Color (DPC)

(/usr/share/texlive/texmf-dist/tex/latex/graphics-cfg/color.cfg
File: color.cfg 2016/01/02 v1.6 sample color configuration
)
Package color Info: Driver file: pdftex.def on input line 147.
)
(/usr/share/texlive/texmf-dist/tex/latex/fancyhdr/fancyhdr.sty
Package: fancyhdr 2017/06/30 v3.9a Extensive control of page headers and footer
s
\f@nch@headwidth=\skip48
\f@nch@O@elh=\skip49
\f@nch@O@erh=\skip50
\f@nch@O@olh=\skip51
\f@nch@O@orh=\skip52
\f@nch@O@elf=\skip53
\f@nch@O@erf=\skip54
\f@nch@O@olf=\skip55
\f@nch@O@orf=\skip56
)
(/usr/share/texlive/texmf-dist/tex/latex/hyperref/hyperref.sty
Package: hyperref 2017/03/14 v6.85a Hypertext links for LaTeX

(/usr/share/texlive/texmf-dist/tex/generic/oberdiek/hobsub-hyperref.sty
Package: hobsub-hyperref 2016/05/16 v1.14 Bundle oberdiek, subset hyperref (HO)


(/usr/share/texlive/texmf-dist/tex/generic/oberdiek/hobsub-generic.sty
Package: hobsub-generic 2016/05/16 v1.14 Bundle oberdiek, subset generic (HO)
Package: hobsub 2016/05/16 v1.14 Construct package bundles (HO)
Package: infwarerr 2016/05/16 v1.4 Providing info/warning/error messages (HO)
Package: ltxcmds 2016/05/16 v1.23 LaTeX kernel commands for general use (HO)
Package: ifluatex 2016/05/16 v1.4 Provides the ifluatex switch (HO)
Package ifluatex Info: LuaTeX not detected.
Package: ifvtex 2016/05/16 v1.6 Detect VTeX and its facilities (HO)
Package ifvtex Info: VTeX not detected.
Package: intcalc 2016/05/16 v1.2 Expandable calculations with integers (HO)
Package: ifpdf 2017/03/15 v3.2 Provides the ifpdf switch
Package: etexcmds 2016/05/16 v1.6 Avoid name clashes with e-TeX commands (HO)
Package etexcmds Info: Could not find \expanded.
(etexcmds)             That can mean that you are not using pdfTeX 1.50 or
(etexcmds)             that some package has redefined \expanded.
(etexcmds)             In the latter case, load this package earlier.
Package: kvsetkeys 2016/05/16 v1.17 Key value parser (HO)
Package: kvdefinekeys 2016/05/16 v1.4 Define keys (HO)
Package: pdftexcmds 2017/03/19 v0.25 Utility functions of pdfTeX for LuaTeX (HO
)
Package pdftexcmds Info: LuaTeX not detected.
Package pdftexcmds Info: \pdf@primitive is available.
Package pdftexcmds Info: \pdf@ifprimitive is available.
Package pdftexcmds Info: \pdfdraftmode found.
Package: pdfescape 2016/05/16 v1.14 Implements pdfTeX's escape features (HO)
Package: bigintcalc 2016/05/16 v1.4 Expandable calculations on big integers (HO
)
Package: bitset 2016/05/16 v1.2 Handle bit-vector datatype (HO)
Package: uniquecounter 2016/05/16 v1.3 Provide unlimited unique counter (HO)
)
Package hobsub Info: Skipping package `hobsub' (already loaded).
Package: letltxmacro 2016/05/16 v1.5 Let assignment for LaTeX macros (HO)
Package: hopatch 2016/05/16 v1.3 Wrapper for package hooks (HO)
Package: xcolor-patch 2016/05/16 xcolor patch
Package: atveryend 2016/05/16 v1.9 Hooks at the very end of document (HO)
Package atveryend Info: \enddocument detected (standard20110627).
Package: atbegshi 2016/06/09 v1.18 At begin shipout hook (HO)
Package: refcount 2016/05/16 v3.5 Data extraction from label references (HO)
Package: hycolor 2016/05/16 v1.8 Color options for hyperref/bookmark (HO)
)
(/usr/share/texlive/texmf-dist/tex/generic/ifxetex/ifxetex.sty
Package: ifxetex 2010/09/12 v0.6 Provides ifxetex conditional
)
(/usr/share/texlive/texmf-dist/tex/latex/oberdiek/auxhook.sty
Package: auxhook 2016/05/16 v1.4 Hooks for auxiliary files (HO)
)
(/usr/share/texlive/texmf-dist/tex/latex/oberdiek/kvoptions.sty
Package: kvoptions 2016/05/16 v3.12 Key value format for package options (HO)
)
\@linkdim=\dimen123
\Hy@linkcounter=\count109
\Hy@pagecounter=\count110

(/usr/share/texlive/texmf-dist/tex/latex/hyperref/pd1enc.def
File: pd1enc.def 2017/03/14 v6.85a Hyperref: PDFDocEncoding definition (HO)
)
\Hy@SavedSpaceFactor=\count111

(/usr/share/texlive/texmf-dist/tex/latex/latexconfig/hyperref.cfg
File: hyperref.cfg 2002/06/06 v1.2 hyperref configuration of TeXLive
)
Package hyperref Info: Hyper figures OFF on input line 4498.
Package hyperref Info: Link nesting OFF on input line 4503.
Package hyperref Info: Hyper index ON on input line 4506.
Package hyperref Info: Plain pages OFF on input line 4513.
Package hyperref Info: Backreferencing OFF on input line 4518.
Package hyperref Info: Implicit mode ON; LaTeX internals redefined.
Package hyperref Info: Bookmarks ON on input line 4751.
\c@Hy@tempcnt=\count112

(/usr/share/texlive/texmf-dist/tex/latex/url/url.sty
\Urlmuskip=\muskip11
Package: url 2013/09/16  ver 3.4  Verb mode for urls, etc.
)
LaTeX Info: Redefining \url on input line 5104.
\XeTeXLinkMargin=\dimen124
\Fld@menulength=\count113
\Field@Width=\dimen125
\Fld@charsize=\dimen126
Package hyperref Info: Hyper figures OFF on input line 6358.
Package hyperref Info: Link nesting OFF on input line 6363.
Package hyperref Info: Hyper index ON on input line 6366.
Package hyperref Info: backreferencing OFF on input line 6373.
Package hyperref Info: Link coloring OFF on input line 6378.
Package hyperref Info: Link coloring with OCG OFF on input line 6383.
Package hyperref Info: PDF/A mode OFF on input line 6388.
LaTeX Info: Redefining \ref on input line 6428.
LaTeX Info: Redefining \pageref on input line 6432.
\Hy@abspage=\count114
\c@Item=\count115
\c@Hfootnote=\count116
)

Package hyperref Message: Driver (autodetected): hpdftex.

(/usr/share/texlive/texmf-dist/tex/latex/hyperref/hpdftex.def
File: hpdftex.def 2017/03/14 v6.85a Hyperref driver for pdfTeX
\Fld@listcount=\count117
\c@bookmark@seq@number=\count118

(/usr/share/texlive/texmf-dist/tex/latex/oberdiek/rerunfilecheck.sty
Package: rerunfilecheck 2016/05/16 v1.8 Rerun checks for auxiliary files (HO)
Package uniquecounter Info: New unique counter `rerunfilecheck' on input line 2
82.
)
\Hy@SectionHShift=\skip57
)
(/usr/share/texlive/texmf-dist/tex/latex/ae/ae.sty
Package: ae 2001/02/12 1.3 Almost European Computer Modern

(/usr/share/texlive/texmf-dist/tex/latex/base/fontenc.sty
Package: fontenc 2017/04/05 v2.0i Standard LaTeX package

(/usr/share/texlive/texmf-dist/tex/latex/base/t1enc.def
File: t1enc.def 2017/04/05 v2.0i Standard LaTeX file
LaTeX Font Info:    Redeclaring font encoding T1 on input line 48.
)
LaTeX Font Info:    Try loading font information for T1+aer on input line 105.

(/usr/share/texlive/texmf-dist/tex/latex/ae/t1aer.fd
File: t1aer.fd 1997/11/16 Font definitions for T1/aer.
)))
(/usr/share/texlive/texmf-dist/tex/latex/psnfss/mathpple.sty
Package: mathpple 2005/04/12 PSNFSS-v9.2a Palatino w/ Math (WaS) 


Package mathpple Warning: This package is to be regarded as obsolete.
(mathpple)                See the PSNFSS documentation.

) (/usr/share/texlive/texmf-dist/tex/latex/base/fontenc.sty
Package: fontenc 2017/04/05 v2.0i Standard LaTeX package

(/usr/share/texlive/texmf-dist/tex/latex/base/t1enc.def
File: t1enc.def 2017/04/05 v2.0i Standard LaTeX file
LaTeX Font Info:    Redeclaring font encoding T1 on input line 48.
))
\GRASSnews@box=\box54
\GRASSnews@len=\skip58

(/usr/share/texlive/texmf-dist/tex/latex/tools/verbatim.sty
Package: verbatim 2014/10/28 v1.5q LaTeX2e package for verbatim enhancements
\every@verbatim=\toks21
\verbatim@line=\toks22
\verbatim@in@stream=\read1
)
(/usr/share/texlive/texmf-dist/tex/latex/base/alltt.sty
Package: alltt 1997/06/16 v2.0g defines alltt environment
))
(/usr/share/texlive/texmf-dist/tex/latex/natbib/natbib.sty
Package: natbib 2010/09/13 8.31b (PWD, AO)
\bibhang=\skip59
\bibsep=\skip60
LaTeX Info: Redefining \cite on input line 694.
\c@NAT@ctr=\count119
)
(/usr/share/texlive/texmf-dist/tex/latex/listings/listings.sty
\lst@mode=\count120
\lst@gtempboxa=\box55
\lst@token=\toks23
\lst@length=\count121
\lst@currlwidth=\dimen127
\lst@column=\count122
\lst@pos=\count123
\lst@lostspace=\dimen128
\lst@width=\dimen129
\lst@newlines=\count124
\lst@lineno=\count125
\lst@maxwidth=\dimen130

(/usr/share/texlive/texmf-dist/tex/latex/listings/lstmisc.sty
File: lstmisc.sty 2015/06/04 1.6 (Carsten Heinz)
\c@lstnumber=\count126
\lst@skipnumbers=\count127
\lst@framebox=\box56
)
(/usr/share/texlive/texmf-dist/tex/latex/listings/listings.cfg
File: listings.cfg 2015/06/04 1.6 listings configuration
))
Package: listings 2015/06/04 1.6 (Carsten Heinz)

(/usr/share/texlive/texmf-dist/tex/latex/base/shortvrb.sty
Package: shortvrb 2016/02/15 v2.1g Standard LaTeX documentation package (FMi)
)
(./FR_main_document.aux)
\openout1 = `FR_main_document.aux'.

LaTeX Font Info:    Checking defaults for OML/cmm/m/it on input line 24.
LaTeX Font Info:    ... okay on input line 24.
LaTeX Font Info:    Checking defaults for T1/cmr/m/n on input line 24.
LaTeX Font Info:    ... okay on input line 24.
LaTeX Font Info:    Checking defaults for OT1/cmr/m/n on input line 24.
LaTeX Font Info:    ... okay on input line 24.
LaTeX Font Info:    Checking defaults for OMS/cmsy/m/n on input line 24.
LaTeX Font Info:    ... okay on input line 24.
LaTeX Font Info:    Checking defaults for OMX/cmex/m/n on input line 24.
LaTeX Font Info:    ... okay on input line 24.
LaTeX Font Info:    Checking defaults for U/cmr/m/n on input line 24.
LaTeX Font Info:    ... okay on input line 24.
LaTeX Font Info:    Checking defaults for PD1/pdf/m/n on input line 24.
LaTeX Font Info:    ... okay on input line 24.
LaTeX Font Info:    Try loading font information for T1+ppl on input line 24.

(/usr/share/texlive/texmf-dist/tex/latex/psnfss/t1ppl.fd
File: t1ppl.fd 2001/06/04 font definitions for T1/ppl.
)
(/usr/share/texlive/texmf-dist/tex/context/base/mkii/supp-pdf.mkii
[Loading MPS to PDF converter (version 2006.09.02).]
\scratchcounter=\count128
\scratchdimen=\dimen131
\scratchbox=\box57
\nofMPsegments=\count129
\nofMParguments=\count130
\everyMPshowfont=\toks24
\MPscratchCnt=\count131
\MPscratchDim=\dimen132
\MPnumerator=\count132
\makeMPintoPDFobject=\count133
\everyMPtoPDFconversion=\toks25
) (/usr/share/texlive/texmf-dist/tex/latex/oberdiek/epstopdf-base.sty
Package: epstopdf-base 2016/05/15 v2.6 Base part for package epstopdf

(/usr/share/texlive/texmf-dist/tex/latex/oberdiek/grfext.sty
Package: grfext 2016/05/16 v1.2 Manage graphics extensions (HO)
)
Package epstopdf-base Info: Redefining graphics rule for `.eps' on input line 4
38.
Package grfext Info: Graphics extension search list:
(grfext)             [.pdf,.png,.jpg,.mps,.jpeg,.jbig2,.jb2,.PDF,.PNG,.JPG,.JPE
G,.JBIG2,.JB2,.eps]
(grfext)             \AppendGraphicsExtensions on input line 456.

(/usr/share/texlive/texmf-dist/tex/latex/latexconfig/epstopdf-sys.cfg
File: epstopdf-sys.cfg 2010/07/13 v1.3 Configuration of (r)epstopdf for TeX Liv
e
))
\AtBeginShipoutBox=\box58
Package hyperref Info: Link coloring OFF on input line 24.

(/usr/share/texlive/texmf-dist/tex/latex/hyperref/nameref.sty
Package: nameref 2016/05/21 v2.44 Cross-referencing by name of section

(/usr/share/texlive/texmf-dist/tex/generic/oberdiek/gettitlestring.sty
Package: gettitlestring 2016/05/16 v1.5 Cleanup title references (HO)
)
\c@section@level=\count134
)
LaTeX Info: Redefining \ref on input line 24.
LaTeX Info: Redefining \pageref on input line 24.
LaTeX Info: Redefining \nameref on input line 24.

(./FR_main_document.out) (./FR_main_document.out)
\@outlinefile=\write3
\openout3 = `FR_main_document.out'.

\c@lstlisting=\count135
<./images/osgeo_logo.png, id=116, 360.34625pt x 117.43875pt>
File: ./images/osgeo_logo.png Graphic file (type png)
<use ./images/osgeo_logo.png>
Package pdftex.def Info: ./images/osgeo_logo.png  used on input line 29.
(pdftex.def)             Requested size: 218.26033pt x 71.13188pt.
<./images/istom_logo.jpg, id=118, 399.4925pt x 242.9075pt>
File: ./images/istom_logo.jpg Graphic file (type jpg)
<use ./images/istom_logo.jpg>
Package pdftex.def Info: ./images/istom_logo.jpg  used on input line 29.
(pdftex.def)             Requested size: 116.98366pt x 71.13188pt.
LaTeX Font Info:    Font shape `T1/ppl/bx/n' in size <10> not available
(Font)              Font shape `T1/ppl/b/n' tried instead on input line 29.
LaTeX Font Info:    Font shape `T1/ppl/bx/n' in size <14.4> not available
(Font)              Font shape `T1/ppl/b/n' tried instead on input line 29.
 (./FR_main_document.toc
LaTeX Font Info:    Try loading font information for OT1+zpple on input line 1.


(/usr/share/texlive/texmf-dist/tex/latex/psnfss/ot1zpple.fd
File: ot1zpple.fd 1999/12/20 Fontinst v1.801 font definitions for OT1/zpple.
)
LaTeX Font Info:    Try loading font information for OML+zpple on input line 1.


(/usr/share/texlive/texmf-dist/tex/latex/psnfss/omlzpple.fd
File: omlzpple.fd 1999/12/20 Fontinst v1.801 font definitions for OML/zpple.
)
LaTeX Font Info:    Try loading font information for OMS+zpple on input line 1.


(/usr/share/texlive/texmf-dist/tex/latex/psnfss/omszpple.fd
File: omszpple.fd 1999/12/20 Fontinst v1.801 font definitions for OMS/zpple.
)
LaTeX Font Info:    Try loading font information for OMX+zpple on input line 1.


(/usr/share/texlive/texmf-dist/tex/latex/psnfss/omxzpple.fd
File: omxzpple.fd 1999/12/20 Fontinst v1.801 font definitions for OMX/zpple.
)
LaTeX Font Info:    Font shape `U/msa/m/n' will be
(Font)              scaled to size 10.42007pt on input line 1.
LaTeX Font Info:    Font shape `U/msa/m/n' will be
(Font)              scaled to size 7.91925pt on input line 1.
LaTeX Font Info:    Font shape `U/msa/m/n' will be
(Font)              scaled to size 6.25204pt on input line 1.
LaTeX Font Info:    Font shape `U/msb/m/n' will be
(Font)              scaled to size 10.42007pt on input line 1.
LaTeX Font Info:    Font shape `U/msb/m/n' will be
(Font)              scaled to size 7.91925pt on input line 1.
LaTeX Font Info:    Font shape `U/msb/m/n' will be
(Font)              scaled to size 6.25204pt on input line 1.
)
\tf@toc=\write4
\openout4 = `FR_main_document.toc'.


(./FR_article_QGIS.tex

Package multicol Warning: Using `0' columns doesn't seem a good idea.
 I therefore use two columns instead on input line 12.

LaTeX Font Info:    Font shape `T1/ppl/bx/n' in size <24.88> not available
(Font)              Font shape `T1/ppl/b/n' tried instead on input line 12.
<./images/qgis000.png, id=123, 1275.76625pt x 794.97pt>
File: ./images/qgis000.png Graphic file (type png)
<use ./images/qgis000.png>
Package pdftex.def Info: ./images/qgis000.png  used on input line 23.
(pdftex.def)             Requested size: 229.62802pt x 143.08842pt.
<./images/qgis001.png, id=125, 743.77875pt x 1094.0875pt>
File: ./images/qgis001.png Graphic file (type png)
<use ./images/qgis001.png>
Package pdftex.def Info: ./images/qgis001.png  used on input line 36.
(pdftex.def)             Requested size: 223.13535pt x 328.22878pt.
<./images/qgis002.png, id=127, 820.06375pt x 756.8275pt>
File: ./images/qgis002.png Graphic file (type png)
<use ./images/qgis002.png>
Package pdftex.def Info: ./images/qgis002.png  used on input line 49.
(pdftex.def)             Requested size: 229.61629pt x 211.91025pt.
[1

{/var/lib/texmf/fonts/map/pdftex/updmap/pdftex.map} <./images/osgeo_logo.png> <
./images/istom_logo.jpg> <./images/qgis000.png> <./images/qgis001.png (PNG copy
)>]
<./images/qgis003.png, id=145, 1085.05376pt x 748.7975pt>
File: ./images/qgis003.png Graphic file (type png)
<use ./images/qgis003.png>
Package pdftex.def Info: ./images/qgis003.png  used on input line 62.
(pdftex.def)             Requested size: 238.71255pt x 164.73595pt.

Overfull \hbox (6.86414pt too wide) in paragraph at lines 62--64
 [][] 
 []

<./images/qgis004.png, id=147, 1240.635pt x 748.7975pt>
File: ./images/qgis004.png Graphic file (type png)
<use ./images/qgis004.png>
Package pdftex.def Info: ./images/qgis004.png  used on input line 75.
(pdftex.def)             Requested size: 235.7231pt x 142.273pt.

Overfull \hbox (3.87468pt too wide) in paragraph at lines 75--77
 [][] 
 []

<./images/qgis005.png, id=149, 1241.63875pt x 746.79pt>
File: ./images/qgis005.png Graphic file (type png)
<use ./images/qgis005.png>
Package pdftex.def Info: ./images/qgis005.png  used on input line 88.
(pdftex.def)             Requested size: 248.32335pt x 149.35535pt.

Overfull \hbox (16.47493pt too wide) in paragraph at lines 88--90
 [][] 
 []

<./images/qgis006.png, id=151, 1238.6275pt x 904.37875pt>
File: ./images/qgis006.png Graphic file (type png)
<use ./images/qgis006.png>
Package pdftex.def Info: ./images/qgis006.png  used on input line 101.
(pdftex.def)             Requested size: 247.72112pt x 180.87254pt.

Overfull \hbox (15.8727pt too wide) in paragraph at lines 101--103
 [][] 
 []

<./images/qgis007.png, id=153, 1239.63126pt x 901.3675pt>
File: ./images/qgis007.png Graphic file (type png)
<use ./images/qgis007.png>
Package pdftex.def Info: ./images/qgis007.png  used on input line 114.
(pdftex.def)             Requested size: 247.92186pt x 180.2703pt.

Overfull \hbox (16.07344pt too wide) in paragraph at lines 114--116
 [][] 
 []

<./images/qgis008.png, id=155, 1236.62pt x 901.3675pt>
File: ./images/qgis008.png Graphic file (type png)
<use ./images/qgis008.png>
Package pdftex.def Info: ./images/qgis008.png  used on input line 127.
(pdftex.def)             Requested size: 234.96024pt x 171.2616pt.

Overfull \hbox (3.11182pt too wide) in paragraph at lines 127--129
 [][] 
 []

[2 <./images/qgis002.png> <./images/qgis003.png> <./images/qgis004.png> <./imag
es/qgis005.png> <./images/qgis006.png> <./images/qgis007.png>]
<./images/qgis009.png, id=173, 1236.62pt x 812.03375pt>
File: ./images/qgis009.png Graphic file (type png)
<use ./images/qgis009.png>
Package pdftex.def Info: ./images/qgis009.png  used on input line 140.
(pdftex.def)             Requested size: 234.96024pt x 154.28801pt.

Overfull \hbox (3.11182pt too wide) in paragraph at lines 140--142
 [][] 
 []

<./images/qgis010.png, id=175, 1236.62pt x 812.03375pt>
File: ./images/qgis010.png Graphic file (type png)
<use ./images/qgis010.png>
Package pdftex.def Info: ./images/qgis010.png  used on input line 153.
(pdftex.def)             Requested size: 234.96024pt x 154.28801pt.

Overfull \hbox (3.11182pt too wide) in paragraph at lines 153--155
 [][] 
 []

<./images/qgis011.png, id=177, 1238.6275pt x 902.37125pt>
File: ./images/qgis011.png Graphic file (type png)
<use ./images/qgis011.png>
Package pdftex.def Info: ./images/qgis011.png  used on input line 167.
(pdftex.def)             Requested size: 235.34167pt x 171.45232pt.

Overfull \hbox (3.49326pt too wide) in paragraph at lines 167--169
 [][] 
 []

<./images/qgis012.png, id=179, 937.5025pt x 858.20625pt>
File: ./images/qgis012.png Graphic file (type png)
<use ./images/qgis012.png>
Package pdftex.def Info: ./images/qgis012.png  used on input line 181.
(pdftex.def)             Requested size: 187.49718pt x 171.6382pt.
<./images/qgis013.png, id=181, 941.5175pt x 862.22125pt>
File: ./images/qgis013.png Graphic file (type png)
<use ./images/qgis013.png>
Package pdftex.def Info: ./images/qgis013.png  used on input line 195.
(pdftex.def)             Requested size: 188.30016pt x 172.4412pt.
<./images/qgis014.png, id=183, 896.34875pt x 140.525pt>
File: ./images/qgis014.png Graphic file (type png)
<use ./images/qgis014.png>
Package pdftex.def Info: ./images/qgis014.png  used on input line 210.
(pdftex.def)             Requested size: 233.04518pt x 36.53563pt.

Overfull \hbox (1.19676pt too wide) in paragraph at lines 210--212
 [][] 
 []

[3 <./images/qgis008.png> <./images/qgis009.png> <./images/qgis010.png> <./imag
es/qgis011.png> <./images/qgis012.png> <./images/qgis013.png>]
<./images/qgis015.png, id=201, 828.09375pt x 527.9725pt>
File: ./images/qgis015.png Graphic file (type png)
<use ./images/qgis015.png>
Package pdftex.def Info: ./images/qgis015.png  used on input line 223.
(pdftex.def)             Requested size: 231.86467pt x 147.83128pt.
<./images/qgis016.png, id=203, 2822.545pt x 1768.6075pt>
File: ./images/qgis016.png Graphic file (type png)
<use ./images/qgis016.png>
Package pdftex.def Info: ./images/qgis016.png  used on input line 237.
(pdftex.def)             Requested size: 234.24963pt x 146.78088pt.

Overfull \hbox (2.40121pt too wide) in paragraph at lines 237--239
 [][] 
 []


LaTeX Warning: Reference `fig:qgis017' on page 4 undefined on input line 244.

<./images/qgis017.png, id=204, 562.1pt x 454.69875pt>
File: ./images/qgis017.png Graphic file (type png)
<use ./images/qgis017.png>
Package pdftex.def Info: ./images/qgis017.png  used on input line 250.
(pdftex.def)             Requested size: 196.73795pt x 159.14694pt.
<./images/qgis018.png, id=206, 2026.57124pt x 1535.7375pt>
File: ./images/qgis018.png Graphic file (type png)
<use ./images/qgis018.png>
Package pdftex.def Info: ./images/qgis018.png  used on input line 263.
(pdftex.def)             Requested size: 222.92352pt x 168.93164pt.
<./images/qgis019.png, id=208, 392.46625pt x 93.34875pt>
File: ./images/qgis019.png Graphic file (type png)
<use ./images/qgis019.png>
Package pdftex.def Info: ./images/qgis019.png  used on input line 276.
(pdftex.def)             Requested size: 137.36523pt x 32.67255pt.
<./images/qgis020.png, id=210, 886.31125pt x 969.6225pt>
File: ./images/qgis020.png Graphic file (type png)
<use ./images/qgis020.png>
Package pdftex.def Info: ./images/qgis020.png  used on input line 289.
(pdftex.def)             Requested size: 221.57727pt x 242.40503pt.
[4 <./images/qgis014.png> <./images/qgis015.png> <./images/qgis016.png> <./imag
es/qgis017.png> <./images/qgis018.png> <./images/qgis019.png>]
<./images/qgis021.png, id=229, 884.30376pt x 813.0375pt>
File: ./images/qgis021.png Graphic file (type png)
<use ./images/qgis021.png>
Package pdftex.def Info: ./images/qgis021.png  used on input line 302.
(pdftex.def)             Requested size: 221.0754pt x 203.25888pt.
<./images/qgis022.png, id=232, 825.0825pt x 602.25pt>
File: ./images/qgis022.png Graphic file (type png)
<use ./images/qgis022.png>
Package pdftex.def Info: ./images/qgis022.png  used on input line 315.
(pdftex.def)             Requested size: 206.27011pt x 150.56212pt.
<./images/qgis023.png, id=233, 719.68875pt x 492.84125pt>
File: ./images/qgis023.png Graphic file (type png)
<use ./images/qgis023.png>
Package pdftex.def Info: ./images/qgis023.png  used on input line 326.
(pdftex.def)             Requested size: 251.89484pt x 172.49701pt.

Overfull \hbox (20.04642pt too wide) in paragraph at lines 326--328
 [][] 
 []

<./images/qgis024.png, id=235, 878.28125pt x 636.3775pt>
File: ./images/qgis024.png Graphic file (type png)
<use ./images/qgis024.png>
Package pdftex.def Info: ./images/qgis024.png  used on input line 339.
(pdftex.def)             Requested size: 219.56978pt x 159.09398pt.
<./images/qgis025.png, id=237, 797.98125pt x 542.025pt>
File: ./images/qgis025.png Graphic file (type png)
<use ./images/qgis025.png>
Package pdftex.def Info: ./images/qgis025.png  used on input line 352.
(pdftex.def)             Requested size: 239.39621pt x 162.60875pt.

Overfull \hbox (7.54779pt too wide) in paragraph at lines 352--354
 [][] 
 []

[5 <./images/qgis020.png> <./images/qgis021.png> <./images/qgis022.png> <./imag
es/qgis023.png> <./images/qgis024.png>]
<./images/qgis026.png, id=253, 367.3725pt x 358.33875pt>
File: ./images/qgis026.png Graphic file (type png)
<use ./images/qgis026.png>
Package pdftex.def Info: ./images/qgis026.png  used on input line 365.
(pdftex.def)             Requested size: 110.21259pt x 107.50244pt.
<./images/qgis027.png, id=256, 325.215pt x 303.1325pt>
File: ./images/qgis027.png Graphic file (type png)
<use ./images/qgis027.png>
Package pdftex.def Info: ./images/qgis027.png  used on input line 378.
(pdftex.def)             Requested size: 113.82695pt x 106.09796pt.
<./images/qgis028.png, id=258, 1172.38pt x 786.94pt>
File: ./images/qgis028.png Graphic file (type png)
<use ./images/qgis028.png>
Package pdftex.def Info: ./images/qgis028.png  used on input line 391.
(pdftex.def)             Requested size: 234.47185pt x 157.38521pt.

Overfull \hbox (2.62343pt too wide) in paragraph at lines 391--393
 [][] 
 []

<./images/qgis029.png, id=260, 1176.395pt x 788.9475pt>
File: ./images/qgis029.png Graphic file (type png)
<use ./images/qgis029.png>
Package pdftex.def Info: ./images/qgis029.png  used on input line 404.
(pdftex.def)             Requested size: 235.27483pt x 157.7867pt.

Overfull \hbox (3.4264pt too wide) in paragraph at lines 404--406
 [][] 
 []

<./images/qgis030.png, id=262, 471.7625pt x 421.575pt>
File: ./images/qgis030.png Graphic file (type png)
<use ./images/qgis030.png>
Package pdftex.def Info: ./images/qgis030.png  used on input line 417.
(pdftex.def)             Requested size: 188.70164pt x 168.627pt.
<./images/qgis031.png, id=264, 801.99625pt x 995.72pt>
File: ./images/qgis031.png Graphic file (type png)
<use ./images/qgis031.png>
Package pdftex.def Info: ./images/qgis031.png  used on input line 430.
(pdftex.def)             Requested size: 176.43971pt x 219.05907pt.
[6 <./images/qgis025.png> <./images/qgis026.png> <./images/qgis027.png> <./imag
es/qgis028.png> <./images/qgis029.png> <./images/qgis030.png>]
<./images/qgis032.png, id=282, 724.7075pt x 907.39pt>
File: ./images/qgis032.png Graphic file (type png)
<use ./images/qgis032.png>
Package pdftex.def Info: ./images/qgis032.png  used on input line 443.
(pdftex.def)             Requested size: 217.41393pt x 272.2191pt.
<./images/qgis033.png, id=283, 727.71875pt x 901.3675pt>
File: ./images/qgis033.png Graphic file (type png)
<use ./images/qgis033.png>
Package pdftex.def Info: ./images/qgis033.png  used on input line 454.
(pdftex.def)             Requested size: 218.3173pt x 270.41232pt.

Underfull \hbox (badness 10000) in paragraph at lines 461--461
[][]\T1/ppl/b/n/14.4 TRAITEMENT DE DON-NEES
 []

<./images/qgis034.png, id=285, 726.715pt x 904.37875pt>
File: ./images/qgis034.png Graphic file (type png)
<use ./images/qgis034.png>
Package pdftex.def Info: ./images/qgis034.png  used on input line 469.
(pdftex.def)             Requested size: 181.6783pt x 226.09413pt.
<./images/qgis035.png, id=287, 725.71124pt x 901.3675pt>
File: ./images/qgis035.png Graphic file (type png)
<use ./images/qgis035.png>
Package pdftex.def Info: ./images/qgis035.png  used on input line 482.
(pdftex.def)             Requested size: 217.71504pt x 270.41232pt.
[7 <./images/qgis031.png> <./images/qgis032.png> <./images/qgis033.png> <./imag
es/qgis034.png>]
<./images/qgis036.png, id=303, 728.7225pt x 901.3675pt>
File: ./images/qgis036.png Graphic file (type png)
<use ./images/qgis036.png>
Package pdftex.def Info: ./images/qgis036.png  used on input line 495.
(pdftex.def)             Requested size: 218.61844pt x 270.41232pt.
<./images/qgis037.png, id=305, 1331.97626pt x 1139.25626pt>
File: ./images/qgis037.png Graphic file (type png)
<use ./images/qgis037.png>
Package pdftex.def Info: ./images/qgis037.png  used on input line 508.
(pdftex.def)             Requested size: 266.39053pt x 227.84721pt.

Overfull \hbox (34.54211pt too wide) in paragraph at lines 508--510
 [][] 
 []

<./images/qgis038.png, id=307, 1335.99126pt x 1141.26375pt>
File: ./images/qgis038.png Graphic file (type png)
<use ./images/qgis038.png>
Package pdftex.def Info: ./images/qgis038.png  used on input line 521.
(pdftex.def)             Requested size: 267.19351pt x 228.2487pt.

Overfull \hbox (35.3451pt too wide) in paragraph at lines 521--523
 [][] 
 []

<./images/qgis039.png, id=309, 726.715pt x 904.37875pt>
File: ./images/qgis039.png Graphic file (type png)
<use ./images/qgis039.png>
Package pdftex.def Info: ./images/qgis039.png  used on input line 534.
(pdftex.def)             Requested size: 218.01617pt x 271.31572pt.
[8 <./images/qgis035.png> <./images/qgis036.png> <./images/qgis037.png> <./imag
es/qgis038.png>]
<./images/qgis040.png, id=323, 727.71875pt x 898.35625pt>
File: ./images/qgis040.png Graphic file (type png)
<use ./images/qgis040.png>
Package pdftex.def Info: ./images/qgis040.png  used on input line 547.
(pdftex.def)             Requested size: 218.3173pt x 269.50894pt.
<./images/qgis041.png, id=325, 1335.99126pt x 1142.2675pt>
File: ./images/qgis041.png Graphic file (type png)
<use ./images/qgis041.png>
Package pdftex.def Info: ./images/qgis041.png  used on input line 560.
(pdftex.def)             Requested size: 267.19351pt x 228.44945pt.

Overfull \hbox (35.3451pt too wide) in paragraph at lines 560--562
 [][] 
 []

<./images/qgis042.png, id=327, 736.7525pt x 897.3525pt>
File: ./images/qgis042.png Graphic file (type png)
<use ./images/qgis042.png>
Package pdftex.def Info: ./images/qgis042.png  used on input line 573.
(pdftex.def)             Requested size: 221.02745pt x 269.20782pt.
<./images/qgis043.png, id=329, 729.72626pt x 906.38625pt>
File: ./images/qgis043.png Graphic file (type png)
<use ./images/qgis043.png>
Package pdftex.def Info: ./images/qgis043.png  used on input line 586.
(pdftex.def)             Requested size: 218.91957pt x 271.91797pt.
[9 <./images/qgis039.png> <./images/qgis040.png> <./images/qgis041.png> <./imag
es/qgis042.png>]
<./images/qgis044.png, id=343, 1335.99126pt x 1141.26375pt>
File: ./images/qgis044.png Graphic file (type png)
<use ./images/qgis044.png>
Package pdftex.def Info: ./images/qgis044.png  used on input line 599.
(pdftex.def)             Requested size: 267.19351pt x 228.2487pt.

Overfull \hbox (35.3451pt too wide) in paragraph at lines 599--601
 [][] 
 []

LaTeX Font Info:    Try loading font information for T1+aett on input line 608.

(/usr/share/texlive/texmf-dist/tex/latex/ae/t1aett.fd
File: t1aett.fd 1997/11/16 Font definitions for T1/aett.
)) [10 <./images/qgis043.png> <./images/qgis044.png>] (./FR_article_QGIS_GPS.te
x

Package multicol Warning: Using `0' columns doesn't seem a good idea.
 I therefore use two columns instead on input line 12.

<./images/gps000.png, id=356, 700.6175pt x 593.21625pt>
File: ./images/gps000.png Graphic file (type png)
<use ./images/gps000.png>
Package pdftex.def Info: ./images/gps000.png  used on input line 23.
(pdftex.def)             Requested size: 210.18686pt x 177.96625pt.
<./images/gps001.png, id=358, 536.0025pt x 925.4575pt>
File: ./images/gps001.png Graphic file (type png)
<use ./images/gps001.png>
Package pdftex.def Info: ./images/gps001.png  used on input line 36.
(pdftex.def)             Requested size: 150.07967pt x 259.12633pt.
<./images/gps002.jpg, id=360, 542.025pt x 963.6pt>
File: ./images/gps002.jpg Graphic file (type jpg)
<use ./images/gps002.jpg>
Package pdftex.def Info: ./images/gps002.jpg  used on input line 49.
(pdftex.def)             Requested size: 243.90898pt x 433.616pt.

Overfull \hbox (12.06056pt too wide) in paragraph at lines 49--51
 [][] 
 []

<./images/gps003.jpg, id=362, 542.025pt x 963.6pt>
File: ./images/gps003.jpg Graphic file (type jpg)
<use ./images/gps003.jpg>
Package pdftex.def Info: ./images/gps003.jpg  used on input line 62.
(pdftex.def)             Requested size: 238.49173pt x 423.98532pt.

Overfull \hbox (6.64331pt too wide) in paragraph at lines 62--64
 [][] 
 []

[11 <./images/gps000.png> <./images/gps001.png> <./images/gps002.jpg>]
Underfull \hbox (badness 10000) in paragraph at lines 70--71

 []


Underfull \hbox (badness 10000) in paragraph at lines 73--75

 []


Underfull \hbox (badness 10000) in paragraph at lines 76--77

 []

<./images/gps004.png, id=377, 1369.115pt x 1433.355pt>
File: ./images/gps004.png Graphic file (type png)
<use ./images/gps004.png>
Package pdftex.def Info: ./images/gps004.png  used on input line 83.
(pdftex.def)             Requested size: 246.43007pt x 257.99277pt.

Overfull \hbox (14.58165pt too wide) in paragraph at lines 83--85
 [][] 
 []


Underfull \hbox (badness 10000) in paragraph at lines 90--91

 []

<./images/gps005.png, id=379, 1375.1375pt x 1319.93124pt>
File: ./images/gps005.png Graphic file (type png)
<use ./images/gps005.png>
Package pdftex.def Info: ./images/gps005.png  used on input line 96.
(pdftex.def)             Requested size: 247.51407pt x 237.57736pt.

Overfull \hbox (15.66565pt too wide) in paragraph at lines 96--98
 [][] 
 []


Underfull \hbox (badness 10000) in paragraph at lines 106--110

 []


Underfull \hbox (badness 10000) in paragraph at lines 106--110

 []


Underfull \hbox (badness 10000) in paragraph at lines 106--110

 []


Underfull \hbox (badness 10000) in paragraph at lines 106--110

 []


Underfull \hbox (badness 10000) in paragraph at lines 106--110

 []

[12 <./images/gps003.jpg> <./images/gps004.png> <./images/gps005.png>]
<./images/gps006.jpg, id=390, 542.025pt x 963.6pt>
File: ./images/gps006.jpg Graphic file (type jpg)
<use ./images/gps006.jpg>
Package pdftex.def Info: ./images/gps006.jpg  used on input line 115.
(pdftex.def)             Requested size: 162.60875pt x 289.08223pt.

Underfull \hbox (badness 10000) in paragraph at lines 122--123

 []


Underfull \hbox (badness 10000) in paragraph at lines 122--123

 []

<./images/gps007.jpg, id=392, 540.0175pt x 679.53876pt>
File: ./images/gps007.jpg Graphic file (type jpg)
<use ./images/gps007.jpg>
Package pdftex.def Info: ./images/gps007.jpg  used on input line 128.
(pdftex.def)             Requested size: 162.0065pt x 203.8632pt.

Underfull \hbox (badness 10000) in paragraph at lines 135--136

 []


Underfull \hbox (badness 10000) in paragraph at lines 135--136

 []

<./images/gps008.jpg, id=394, 542.025pt x 963.6pt>
File: ./images/gps008.jpg Graphic file (type jpg)
<use ./images/gps008.jpg>
Package pdftex.def Info: ./images/gps008.jpg  used on input line 141.
(pdftex.def)             Requested size: 162.60875pt x 289.08223pt.

Underfull \hbox (badness 10000) in paragraph at lines 148--149

 []


Underfull \hbox (badness 10000) in paragraph at lines 148--149

 []

<./images/gps009.jpg, id=396, 542.025pt x 718.685pt>
File: ./images/gps009.jpg Graphic file (type jpg)
<use ./images/gps009.jpg>
Package pdftex.def Info: ./images/gps009.jpg  used on input line 154.
(pdftex.def)             Requested size: 162.60875pt x 215.60716pt.
[13 <./images/gps006.jpg> <./images/gps007.jpg> <./images/gps008.jpg>]
Underfull \hbox (badness 10000) in paragraph at lines 161--162

 []


Underfull \hbox (badness 10000) in paragraph at lines 161--162

 []

<./images/gps010.jpg, id=407, 542.025pt x 679.53876pt>
File: ./images/gps010.jpg Graphic file (type jpg)
<use ./images/gps010.jpg>
Package pdftex.def Info: ./images/gps010.jpg  used on input line 167.
(pdftex.def)             Requested size: 162.60875pt x 203.8632pt.

Underfull \hbox (badness 10000) in paragraph at lines 174--175

 []


Underfull \hbox (badness 10000) in paragraph at lines 174--175

 []

<./images/gps011.jpg, id=409, 542.025pt x 963.6pt>
File: ./images/gps011.jpg Graphic file (type jpg)
<use ./images/gps011.jpg>
Package pdftex.def Info: ./images/gps011.jpg  used on input line 180.
(pdftex.def)             Requested size: 162.60875pt x 289.08223pt.

Underfull \hbox (badness 10000) in paragraph at lines 189--190

 []


Underfull \hbox (badness 10000) in paragraph at lines 189--190

 []

<./images/gps012.png, id=411, 200.75pt x 452.69125pt>
File: ./images/gps012.png Graphic file (type png)
<use ./images/gps012.png>
Package pdftex.def Info: ./images/gps012.png  used on input line 195.
(pdftex.def)             Requested size: 96.35889pt x 217.28932pt.

Underfull \hbox (badness 10000) in paragraph at lines 202--203

 []


Underfull \hbox (badness 10000) in paragraph at lines 202--203

 []

<./images/gps013.png, id=413, 241.90375pt x 296.10625pt>
File: ./images/gps013.png Graphic file (type png)
<use ./images/gps013.png>
Package pdftex.def Info: ./images/gps013.png  used on input line 208.
(pdftex.def)             Requested size: 108.85567pt x 133.24657pt.
[14 <./images/gps009.jpg> <./images/gps010.jpg> <./images/gps011.jpg> <./images
/gps012.png>]
Underfull \hbox (badness 10000) in paragraph at lines 215--216

 []


Underfull \hbox (badness 10000) in paragraph at lines 215--216

 []

<./images/gps014.png, id=423, 901.3675pt x 760.8425pt>
File: ./images/gps014.png Graphic file (type png)
<use ./images/gps014.png>
Package pdftex.def Info: ./images/gps014.png  used on input line 221.
(pdftex.def)             Requested size: 225.34131pt x 190.21016pt.

Underfull \hbox (badness 10000) in paragraph at lines 228--229

 []


Underfull \hbox (badness 10000) in paragraph at lines 228--229

 []

<./images/gps015.png, id=425, 587.19376pt x 281.05pt>
File: ./images/gps015.png Graphic file (type png)
<use ./images/gps015.png>
Package pdftex.def Info: ./images/gps015.png  used on input line 234.
(pdftex.def)             Requested size: 205.52089pt x 98.36896pt.

Underfull \hbox (badness 10000) in paragraph at lines 241--242

 []


Underfull \hbox (badness 10000) in paragraph at lines 241--242

 []

<./images/gps016.png, id=427, 1179.40625pt x 949.5475pt>
File: ./images/gps016.png Graphic file (type png)
<use ./images/gps016.png>
Package pdftex.def Info: ./images/gps016.png  used on input line 247.
(pdftex.def)             Requested size: 212.28397pt x 170.91116pt.

Underfull \hbox (badness 10000) in paragraph at lines 254--255

 []


Underfull \hbox (badness 10000) in paragraph at lines 254--255

 []

<./images/gps017.png, id=429, 531.9875pt x 279.0425pt>
File: ./images/gps017.png Graphic file (type png)
<use ./images/gps017.png>
Package pdftex.def Info: ./images/gps017.png  used on input line 260.
(pdftex.def)             Requested size: 212.79123pt x 111.615pt.

Underfull \hbox (badness 10000) in paragraph at lines 267--268

 []


Underfull \hbox (badness 10000) in paragraph at lines 267--268

 []

<./images/gps018.png, id=431, 720.6925pt x 304.13625pt>
File: ./images/gps018.png Graphic file (type png)
<use ./images/gps018.png>
Package pdftex.def Info: ./images/gps018.png  used on input line 273.
(pdftex.def)             Requested size: 216.20941pt x 91.24158pt.
) [15 <./images/gps013.png> <./images/gps014.png> <./images/gps015.png> <./imag
es/gps016.png> <./images/gps017.png> <./images/gps018.png>]
(./FR_article_GRASS.tex

Package multicol Warning: Using `0' columns doesn't seem a good idea.
 I therefore use two columns instead on input line 12.

<./images/grass008.png, id=449, 540.51938pt x 393.72093pt>
File: ./images/grass008.png Graphic file (type png)
<use ./images/grass008.png>
Package pdftex.def Info: ./images/grass008.png  used on input line 20.
(pdftex.def)             Requested size: 189.18462pt x 137.80438pt.
<./images/grass009.png, id=451, 532.23843pt x 392.96812pt>
File: ./images/grass009.png Graphic file (type png)
<use ./images/grass009.png>
Package pdftex.def Info: ./images/grass009.png  used on input line 34.
(pdftex.def)             Requested size: 186.28624pt x 137.5409pt.
LaTeX Font Info:    Font shape `T1/ppl/bx/n' in size <12> not available
(Font)              Font shape `T1/ppl/b/n' tried instead on input line 41.
<./images/grass010.png, id=453, 533.74406pt x 395.22656pt>
File: ./images/grass010.png Graphic file (type png)
<use ./images/grass010.png>
Package pdftex.def Info: ./images/grass010.png  used on input line 48.
(pdftex.def)             Requested size: 186.81322pt x 138.33136pt.
<./images/grass011.png, id=455, 532.23843pt x 391.4625pt>
File: ./images/grass011.png Graphic file (type png)
<use ./images/grass011.png>
Package pdftex.def Info: ./images/grass011.png  used on input line 62.
(pdftex.def)             Requested size: 186.28624pt x 137.01392pt.
<./images/grass012.png, id=457, 533.74406pt x 393.72093pt>
File: ./images/grass012.png Graphic file (type png)
<use ./images/grass012.png>
Package pdftex.def Info: ./images/grass012.png  used on input line 95.
(pdftex.def)             Requested size: 186.81322pt x 137.80438pt.
[16 <./images/grass008.png (PNG copy)> <./images/grass009.png (PNG copy)> <./im
ages/grass010.png (PNG copy)> <./images/grass011.png (PNG copy)>]
<./images/grass013.png, id=469, 539.01375pt x 383.18156pt>
File: ./images/grass013.png Graphic file (type png)
<use ./images/grass013.png>
Package pdftex.def Info: ./images/grass013.png  used on input line 109.
(pdftex.def)             Requested size: 188.65762pt x 134.11555pt.
<./images/grass014.png, id=471, 550.30594pt x 363.60844pt>
File: ./images/grass014.png Graphic file (type png)
<use ./images/grass014.png>
Package pdftex.def Info: ./images/grass014.png  used on input line 127.
(pdftex.def)             Requested size: 192.60995pt x 127.26485pt.
<./images/grass015.png, id=474, 732.7375pt x 905.3825pt>
File: ./images/grass015.png Graphic file (type png)
<use ./images/grass015.png>
Package pdftex.def Info: ./images/grass015.png  used on input line 147.
(pdftex.def)             Requested size: 146.5449pt x 181.07329pt.
<./images/grass016.png, id=475, 732.7375pt x 907.39pt>
File: ./images/grass016.png Graphic file (type png)
<use ./images/grass016.png>
Package pdftex.def Info: ./images/grass016.png  used on input line 158.
(pdftex.def)             Requested size: 146.5449pt x 181.47478pt.
 [17 <./images/grass012.png (PNG copy)> <./images/grass013.png (PNG copy)> <./i
mages/grass014.png (PNG copy)> <./images/grass015.png>]
Underfull \hbox (badness 10000) in paragraph at lines 197--198

 []


Overfull \hbox (3.94794pt too wide) in paragraph at lines 206--206
[]\T1/aett/m/n/9 r.mapcalc expression="carte1=if(stream_buff_500==2[] 
 []


Underfull \hbox (badness 10000) in paragraph at lines 210--211

 []

[18 <./images/grass016.png>]
Overfull \hbox (3.94794pt too wide) in paragraph at lines 302--302
[]\T1/aett/m/n/9 if(elevation.10m<1600 && elevation.10m>=1400,4,0)"[] 
 []


Underfull \hbox (badness 10000) in paragraph at lines 312--312
[][]\T1/ppl/b/n/12 FINALISATION DE LA CARTE DE
 []

<./images/grass021.png, id=501, 533.74406pt x 386.94562pt>
File: ./images/grass021.png Graphic file (type png)
<use ./images/grass021.png>
Package pdftex.def Info: ./images/grass021.png  used on input line 334.
(pdftex.def)             Requested size: 186.81322pt x 135.43298pt.

Underfull \hbox (badness 10000) in paragraph at lines 341--341
[][]\T1/ppl/b/n/12 METTRE EN BLOC LES ZONES
 []


Underfull \hbox (badness 10000) in paragraph at lines 353--354
[]\T1/ppl/m/n/10 Affichez votre nou-velle carte de blocs
 []

<./images/grass022.png, id=503, 536.75531pt x 393.72093pt>
File: ./images/grass022.png Graphic file (type png)
<use ./images/grass022.png>
Package pdftex.def Info: ./images/grass022.png  used on input line 359.
(pdftex.def)             Requested size: 187.86716pt x 137.80438pt.
[19 <./images/grass021.png (PNG copy)>]
<./images/grass023.png, id=512, 539.01375pt x 387.69844pt>
File: ./images/grass023.png Graphic file (type png)
<use ./images/grass023.png>
Package pdftex.def Info: ./images/grass023.png  used on input line 380.
(pdftex.def)             Requested size: 188.65762pt x 135.69647pt.
<./images/grass024.png, id=514, 538.26094pt x 389.95688pt>
File: ./images/grass024.png Graphic file (type png)
<use ./images/grass024.png>
Package pdftex.def Info: ./images/grass024.png  used on input line 396.
(pdftex.def)             Requested size: 188.39415pt x 136.48694pt.

Underfull \hbox (badness 6204) in paragraph at lines 403--404
[]\T1/ppl/m/n/10 Exportez ce fichier vec-to-riel d'habitat avec
 []

[20 <./images/grass022.png (PNG copy)> <./images/grass023.png (PNG copy)> <./im
ages/grass024.png (PNG copy)>]
Overfull \hbox (8.66386pt too wide) in paragraph at lines 460--460
[]\T1/aett/m/n/9 #--------------------------------------------------[] 
 []


Overfull \hbox (8.66386pt too wide) in paragraph at lines 462--462
[]\T1/aett/m/n/9 #--------------------------------------------------[] 
 []


Overfull \hbox (8.66386pt too wide) in paragraph at lines 473--473
[]\T1/aett/m/n/9 #--------------------------------------------------[] 
 []


Overfull \hbox (8.66386pt too wide) in paragraph at lines 475--475
[]\T1/aett/m/n/9 #--------------------------------------------------[] 
 []


Overfull \hbox (8.66386pt too wide) in paragraph at lines 491--491
[]\T1/aett/m/n/9 #--------------------------------------------------[] 
 []


Overfull \hbox (8.66386pt too wide) in paragraph at lines 493--493
[]\T1/aett/m/n/9 #--------------------------------------------------[] 
 []


Overfull \hbox (46.39128pt too wide) in paragraph at lines 499--499
[]\T1/aett/m/n/9 r.mapcalc expression="s_sl=if($_rbs==1,if(slope<=5,2,5),0)"[] 

 []


Overfull \hbox (22.81165pt too wide) in paragraph at lines 500--500
[]\T1/aett/m/n/9 r.mapcalc expression="$_rbr=float(if($_br==2,-5.0,0))"[] 
 []


Overfull \hbox (51.10721pt too wide) in paragraph at lines 503--503
[]\T1/aett/m/n/9 r.mapcalc expression="exp1=if(aspect<45.0 || aspect>314.0 &&[]
 
 []


Overfull \hbox (36.95943pt too wide) in paragraph at lines 505--505
[]\T1/aett/m/n/9 r.mapcalc expression="exp2=if(aspect<225.0 && aspect>135.[] 
 []


Overfull \hbox (51.10721pt too wide) in paragraph at lines 507--507
[]\T1/aett/m/n/9 r.mapcalc expression="exp3=if(aspect<=135.0 && aspect>=45.0,[]
 
 []


Overfull \hbox (46.39128pt too wide) in paragraph at lines 509--509
[]\T1/aett/m/n/9 r.mapcalc expression="elev1=if($dem<1400 && $dem>1200,2,0)"[] 

 []


Overfull \hbox (51.10721pt too wide) in paragraph at lines 510--510
[]\T1/aett/m/n/9 r.mapcalc expression="elev2=if($dem<1600 && $dem>=1400,4,0)"[]
 
 []


Overfull \hbox (8.66386pt too wide) in paragraph at lines 512--512
[]\T1/aett/m/n/9 #--------------------------------------------------[] 
 []


Overfull \hbox (13.37979pt too wide) in paragraph at lines 516--516
[]\T1/aett/m/n/9 r.mapcalc expression="add=float(s_sl+$_rbr+for+for1+[] 
 []


Overfull \hbox (46.39128pt too wide) in paragraph at lines 519--519
[]\T1/aett/m/n/9 r.mapcalc expression="class=if(clas==1&&br100==0,1,null())"[] 

 []

[21]
Overfull \hbox (8.66386pt too wide) in paragraph at lines 556--556
[]\T1/aett/m/n/9 #--------------------------------------------------[] 
 []


Overfull \hbox (8.66386pt too wide) in paragraph at lines 558--558
[]\T1/aett/m/n/9 #--------------------------------------------------[] 
 []


Overfull \hbox (8.66386pt too wide) in paragraph at lines 578--578
[]\T1/aett/m/n/9 #--------------------------------------------------[] 
 []


Overfull \hbox (8.66386pt too wide) in paragraph at lines 580--580
[]\T1/aett/m/n/9 #--------------------------------------------------[] 
 []

[22]
Overfull \hbox (2.55876pt too wide) in paragraph at lines 610--612
\T1/ppl/m/n/10 sat.usgs.gov/sites/default/files/images/wrs2nb.gif[]. 
 []

<./images/wrs2nb.png, id=543, 2396.955pt x 1827.82875pt>
File: ./images/wrs2nb.png Graphic file (type png)
<use ./images/wrs2nb.png>
Package pdftex.def Info: ./images/wrs2nb.png  used on input line 617.
(pdftex.def)             Requested size: 239.70953pt x 182.79358pt.

Overfull \hbox (7.86111pt too wide) in paragraph at lines 617--619
 [][] 
 []

<./images/grass_rs000.png, id=544, 469.00218pt x 460.72125pt>
File: ./images/grass_rs000.png Graphic file (type png)
<use ./images/grass_rs000.png>
Package pdftex.def Info: ./images/grass_rs000.png  used on input line 646.
(pdftex.def)             Requested size: 164.15321pt x 161.25485pt.
<./images/grass_rs001.png, id=545, 560.8453pt x 348.55219pt>
File: ./images/grass_rs001.png Graphic file (type png)
<use ./images/grass_rs001.png>
Package pdftex.def Info: ./images/grass_rs001.png  used on input line 659.
(pdftex.def)             Requested size: 196.2988pt x 121.99509pt.
<./images/grass_rs002.png, id=546, 482.55281pt x 542.77782pt>
File: ./images/grass_rs002.png Graphic file (type png)
<use ./images/grass_rs002.png>
Package pdftex.def Info: ./images/grass_rs002.png  used on input line 672.
(pdftex.def)             Requested size: 168.89601pt x 189.97508pt.
<./images/grass_rs003.png, id=547, 443.40656pt x 328.22626pt>
File: ./images/grass_rs003.png Graphic file (type png)
<use ./images/grass_rs003.png>
Package pdftex.def Info: ./images/grass_rs003.png  used on input line 685.
(pdftex.def)             Requested size: 155.19461pt x 114.8809pt.
<./images/grass_rs004.png, id=548, 350.81062pt x 287.57437pt>
File: ./images/grass_rs004.png Graphic file (type png)
<use ./images/grass_rs004.png>
Package pdftex.def Info: ./images/grass_rs004.png  used on input line 698.
(pdftex.def)             Requested size: 157.86331pt x 129.40727pt.
[23 <./images/wrs2nb.png> <./images/grass_rs000.png> <./images/grass_rs001.png>
 <./images/grass_rs002.png>]
<./images/grass_rs005.png, id=559, 614.295pt x 479.54156pt>
File: ./images/grass_rs005.png Graphic file (type png)
<use ./images/grass_rs005.png>
Package pdftex.def Info: ./images/grass_rs005.png  used on input line 711.
(pdftex.def)             Requested size: 215.00647pt x 167.84206pt.
<./images/grass_rs006.png, id=560, 443.40656pt x 328.22626pt>
File: ./images/grass_rs006.png Graphic file (type png)
<use ./images/grass_rs006.png>
Package pdftex.def Info: ./images/grass_rs006.png  used on input line 724.
(pdftex.def)             Requested size: 199.5311pt x 147.70044pt.
<./images/grass_rs007.png, id=561, 614.295pt x 479.54156pt>
File: ./images/grass_rs007.png Graphic file (type png)
<use ./images/grass_rs007.png>
Package pdftex.def Info: ./images/grass_rs007.png  used on input line 737.
(pdftex.def)             Requested size: 215.00647pt x 167.84206pt.
<./images/grass_rs008.png, id=562, 383.93437pt x 327.47343pt>
File: ./images/grass_rs008.png Graphic file (type png)
<use ./images/grass_rs008.png>
Package pdftex.def Info: ./images/grass_rs008.png  used on input line 753.
(pdftex.def)             Requested size: 211.16455pt x 180.11095pt.
 [24 <./images/grass_rs003.png> <./images/grass_rs004.png> <./images/grass_rs00
5.png> <./images/grass_rs006.png> <./images/grass_rs007.png> <./images/grass_rs
008.png>]
Underfull \hbox (badness 10000) in paragraph at lines 771--772
[]\T1/ppl/m/n/10 Albedo=0.293*BLUE + 0.274*GREEN +
 []


Underfull \hbox (badness 10000) in paragraph at lines 771--772
\T1/ppl/m/n/10 0.233*RED + 0.156*NIR + 0.033*band5
 []

)
Package atveryend Info: Empty hook `BeforeClearDocument' on input line 50.
 [25]
Package atveryend Info: Empty hook `AfterLastShipout' on input line 50.
 (./FR_main_document.aux)
Package atveryend Info: Executing hook `AtVeryEndDocument' on input line 50.
Package atveryend Info: Executing hook `AtEndAfterFileList' on input line 50.
Package rerunfilecheck Info: File `FR_main_document.out' has not changed.
(rerunfilecheck)             Checksum: 07C634FFECE3047B2B106ABB5132462E;2060.


LaTeX Warning: There were undefined references.

Package atveryend Info: Empty hook `AtVeryVeryEnd' on input line 50.
 ) 
Here is how much of TeX's memory you used:
 8943 strings out of 494921
 129669 string characters out of 6180725
 211096 words of memory out of 5000000
 11861 multiletter control sequences out of 15000+600000
 25745 words of font info for 57 fonts, out of 8000000 for 9000
 14 hyphenation exceptions out of 8191
 37i,12n,47p,682b,672s stack positions out of 5000i,500n,10000p,200000b,80000s
{/usr/share/texlive/texmf-dist/fonts/enc/dvips/base/8r.enc}</usr/share/texliv
e/texmf-dist/fonts/type1/public/amsfonts/cm/cmitt10.pfb></usr/share/texlive/tex
mf-dist/fonts/type1/public/amsfonts/cm/cmtt10.pfb></usr/share/texlive/texmf-dis
t/fonts/type1/public/amsfonts/cm/cmtt9.pfb></usr/share/texlive/texmf-dist/fonts
/type1/urw/palatino/uplb8a.pfb></usr/share/texlive/texmf-dist/fonts/type1/urw/p
alatino/uplr8a.pfb></usr/share/texlive/texmf-dist/fonts/type1/urw/palatino/uplr
i8a.pfb>
Output written on FR_main_document.pdf (25 pages, 23056560 bytes).
PDF statistics:
 643 PDF objects out of 1000 (max. 8388607)
 456 compressed objects within 5 object streams
 172 named destinations out of 1000 (max. 500000)
 670 words of extra memory for PDF output out of 10000 (max. 10000000)

