\BOOKMARK [0][-]{section*.2}{Starter Manual to Quantum GIS for GRASS GIS}{}% 1
\BOOKMARK [1][-]{section*.3}{Introduction}{section*.2}% 2
\BOOKMARK [1][-]{section*.4}{QUANTUM GIS GRASS PLUGIN}{section*.2}% 3
\BOOKMARK [2][-]{section*.5}{GRASS PLUGIN PROCESSING}{section*.4}% 4
\BOOKMARK [0][-]{section*.6}{Starter Manual to GRASS GIS}{}% 5
\BOOKMARK [1][-]{section*.7}{Introduction}{section*.6}% 6
\BOOKMARK [1][-]{section*.8}{DEM MANIPULATIONS}{section*.6}% 7
\BOOKMARK [2][-]{section*.9}{Compute slope and aspect}{section*.8}% 8
\BOOKMARK [2][-]{section*.10}{Watershed Basin Analysis Program}{section*.8}% 9
\BOOKMARK [2][-]{section*.11}{Stream Pollution Monitoring Station site identification}{section*.8}% 10
\BOOKMARK [1][-]{section*.12}{GRASS GIS Habitat Analysis}{section*.6}% 11
\BOOKMARK [2][-]{section*.13}{Introduction}{section*.12}% 12
\BOOKMARK [2][-]{section*.14}{Habitat Preservation Mission}{section*.12}% 13
\BOOKMARK [2][-]{section*.15}{Habitat Scoring System \(from Fish and Wildlife Service\) }{section*.12}% 14
\BOOKMARK [2][-]{section*.16}{Process Scoring Maps}{section*.12}% 15
\BOOKMARK [2][-]{section*.17}{Scoring Script}{section*.12}% 16
\BOOKMARK [2][-]{section*.18}{Finalizing}{section*.12}% 17
\BOOKMARK [2][-]{section*.19}{Clumping Suitable Areas}{section*.12}% 18
\BOOKMARK [2][-]{section*.20}{Export Shapefile}{section*.12}% 19
\BOOKMARK [1][-]{section*.21}{Remote sensing}{section*.6}% 20
\BOOKMARK [2][-]{section*.22}{Import}{section*.21}% 21
\BOOKMARK [2][-]{section*.23}{Classification}{section*.21}% 22
\BOOKMARK [2][-]{section*.24}{Map Algebra}{section*.21}% 23
\BOOKMARK [1][-]{section*.25}{3D Visualization}{section*.6}% 24
\BOOKMARK [2][-]{section*.26}{Appendix A: Overview of Grass GUI}{section*.25}% 25
\BOOKMARK [2][-]{section*.27}{Appendix B: GRASS SCRIPT}{section*.25}% 26
